ncsim(64) 13.10-s011
Linux 2.6.18-406.el5 #1 SMP Tue Jun 2 17:25:57 EDT 2015 x86_64
CPU cores: 8
Limit information:
======================================
cputime			unlimited
filesize		unlimited
datasize		unlimited
stacksize		unlimited
coredumpsize	0 kbytes
memoryuse		unlimited
vmemoryuse		unlimited
descriptors		1024
memorylocked	32 kbytes
maxproc			515656
======================================
(Special)Runtime environment variables:

Runtime environment variables:
tarmac_trace_on_2=ARM_R5
TB_ROOT=
QTDIR=/usr/lib64/qt-3.3
ASIC_BIN=/hgst/proj/asic/columbus/releases/1.7.0/bin
IPCM_PATH=/stec/apps/cadence/INCISIV13.10.011/kits/VerificationKit:/stec/apps/cadence/INCISIV13.10.011/kits/VerificationKit/util_lib:/stec/apps/cadence/INCISIV13.10.011/kits/VerificationKit/ovm_ex_lib:/stec/apps/cadence/INCISIV13.10.011/kits/VerificationKit/ovm_ex_lib/erm_ex_lib:/stec/apps/cadence/INCISIV13.10.011/kits/VerificationKit/ovm_ex_lib/e_ex_lib:/stec/apps/cadence/INCISIV13.10.011/kits/VerificationKit/ovm_ex_lib/mixed_ex_lib:/stec/apps/cadence/INCISIV13.10.011/kits/VerificationKit/svm_lib/sc_tlm_verification_lib:/stec/apps/cadence/INCISIV13.10.011/kits/VerificationKit/svm_lib/sc_tlm_design_lib:/stec/apps/cadence/INCISIV13.10.011/kits/VerificationKit/ovm_ex_lib/sv_mb_ex_lib:/stec/apps/cadence/INCISIV13.10.011/kits/VerificationKit/ovm_ex_lib/sv_cb_ex_lib:/stec/apps/cadence/INCISIV13.10.011/kits/VerificationKit/designs:/stec/apps/cadence/INCISIV13.10.011/kits/VerificationKit/soc_verification_lib:/stec/apps/cadence/INCISIV13.10.011/kits/VerificationKit/abv_formal:/stec/apps/cadence/INCISIV13.10.011/kits/VerificationKit/misc:/stec/apps/cadence/INCISIV13.10.011/kits/VerificationKit/misc/links
LOADEDMODULES=silent:tw/license:tw/sge/6.2u5:avery/insight.2012.0410:avery/nvmxactor.1.8c:avery/pcixactor.2.3:avery/pli.2013.0704:incisiv/13.10.011:verdi/2013.09:acroread/9.5.1:emacs/24.2:xemacs/21.4.22:nedit/5.5:vim/7.3:tkdiff/4.1.4:vnc/4.6.1:jdk/1.6:smartsvn/6.6.13:make/3.81:perl/5.14.2:python/2.7.3:questa_cdc/10.3e:questa_sim/10.3c:svn/1.7.10
MODULEPATH=/stec/apps/modules-3.2.9c/Modules/linux
GTK_RC_FILES=/etc/gtk/gtkrc:/stec/tw/users/schen/.gtkrc-1.2-gnome2
GHS_LMPORT=2009
DESKTOP_STARTUP_ID=
XAUTHORITY=/stec/tw/users/schen/.Xauthority
SHELL=/bin/tcsh
_=/usr/bin/gnome-session
NOVAS_IDLE_LICENSE_CHECKBACK_SILENCE=60
ecs_trace_on_4=ARM_R5
PERL_LIB=/stec/apps/utilities/perl_5.14.2/site/lib:/stec/apps/utilities/perl_5.14.2/lib
DW_WAIT_LICENSE=1
XILINXD_LICENSE_FILE=2100@samatrix02
tarmac_trace_on_4=ARM_R5
ecs_trace_on_9=ARM_R5
VMANAGER_HOME=/stec/apps/cadence/INCISIV13.10.011/components/vm
tarmac_trace_on_9=ARM_R5
SNPSLMD_LICENSE_FILE=27000@salic01:27000@samatrix02
SNPSLMD_QUEUE=1
ETMR5_HOME=/hgst/proj/asic/columbus/releases/1.7.0/ip/arm_database/LATEST/Cortex_R5/ETMR5/DSM/ETMR5_dsm_VsystemV_Linux-64_t11_v1.0
SPECMAN_ARCH=linux64
AVERY_PLI=/stec/apps/avery/avery_pli-2013_0704
MACHTYPE=x86_64
ARCD_LICENSE_FILE=7434@twlic
SGE_CLUSTER_NAME=twcluster
ASIC_SVN_ROOT=http://twsvn01/svn/asic/columbus
ASIC_NAME=columbus
GNOME_KEYRING_SOCKET=/tmp/keyring-DS3EH7/socket
LS_COLORS=no=00:fi=00:di=00;34:ln=00;36:pi=40;33:so=00;35:bd=40;33;01:cd=40;33;01:or=01;05;37;41:mi=01;05;37;41:ex=00;32:*.cmd=00;32:*.exe=00;32:*.com=00;32:*.btm=00;32:*.bat=00;32:*.sh=00;32:*.csh=00;32:*.tar=00;31:*.tgz=00;31:*.arj=00;31:*.taz=00;31:*.lzh=00;31:*.zip=00;31:*.z=00;31:*.Z=00;31:*.gz=00;31:*.bz2=00;31:*.bz=00;31:*.tz=00;31:*.rpm=00;31:*.cpio=00;31:*.jpg=00;35:*.gif=00;35:*.bmp=00;35:*.xbm=00;35:*.xpm=00;35:*.png=00;35:*.tif=00;35:
ANLS_LICENSE_WAIT=60_86400
MTI_VCO_MODE=64
SSH_CONNECTION=10.92.225.123 59396 192.168.196.56 22
PATH=/stec/apps/cadence/INCISIV13.10.011/tools/bin/64bit:/stec/apps/cadence/INCISIV13.10.011/tools/bin/64bit:/stec/apps/cadence/INCISIV13.10.011/tools/bin/64bit:.:/bin:/hgst/proj/asic/columbus/releases/1.6.9/bin:/hgst/proj/asic/columbus/releases/1.6.9/bin/UTILS/SIM_SYN:/hgst/proj/asic/columbus/releases/1.7.0/bin:/hgst/proj/asic/columbus/releases/1.7.0/bin/UTILS/SIM_SYN:/stec/apps/avery/apbxactor-1.0.1022/scripts:/stec/apps/avery/axixactor-1.5.1016/scripts:/stec/apps/avery/insight_2012_0410/tools/bin:/stec/apps/avery/insight_2012_0410/tools/tb_release/bin:/stec/apps/avery/nvmxactor-1.8c/scripts:/stec/apps/avery/pcixactor-2.3.1011.r1/scripts:/stec/apps/avery/pcixactor-2.3/scripts:/stec/apps/avery/sopxactor-1.6/scripts:/stec/apps/cadence/INCISIV13.10.011/bin:/stec/apps/cadence/INCISIV13.10.011/kits/VerificationKit/bin:/stec/apps/cadence/INCISIV13.10.011/kits/VerificationKit/soc_verification_lib/abv_formal/abv_vm_util_v2.5_beta3/bin:/stec/apps/cadence/INCISIV13.10.011/tools/bin:/stec/apps/cadence/INCISIV13.10.011/tools/systemc/gcc/bin:/stec/apps/ghs/comp_201416/:/stec/apps/mentor/questa_cdc_10.3e/linux_x86_64/bin:/stec/apps/mentor/questa_sim_10.3c/questasim/bin:/stec/apps/novas/verdi_2013.09/bin:/stec/apps/sge/sge6_2u5/bin/lx24-amd64:/stec/apps/utilities/acroread_9.5.1/Adobe/Reader9/bin:/stec/apps/utilities/dae/bin/:/stec/apps/utilities/emacs_24.2/bin:/stec/apps/utilities/gvim_7.3/bin:/stec/apps/utilities/jdk1.6.0_24/bin:/stec/apps/utilities/make_3.81/bin:/stec/apps/utilities/mis/global:/stec/apps/utilities/nedit_5.5:/stec/apps/utilities/perl_5.14.2/bin:/stec/apps/utilities/perl_5.14.2/site/bin:/stec/apps/utilities/python_2.7.3/bin:/stec/apps/utilities/SmartSVN_6.6.13/bin:/stec/apps/utilities/svn_1.7.10/bin:/stec/apps/utilities/tkdiff_4.1.4:/stec/apps/utilities/vnc_4.6.1/bin:/stec/apps/utilities/xemacs_21.4.22/bin:/stec/proj/asic/columbus/users/ashah/ws_axi_uvc/vip/avery_pcixactor-2.3:/stec/tw/users/schen/local/bin:/stec/tw/users/schen/tool/gcc-arm-none-eabi-4_8-2014q3/bin:/stec/tw/users/schen/tool/gcc-arm-none-eabi-4_9-2015q2/arm-none-eabi/bin:/stec/tw/users/schen/tool/gcc-arm-none-eabi-4_9-2015q2/bin:/usr/bin:/usr/kerberos/bin:/usr/lib64/qt-3.3/bin:/usr/local/bin:/usr/X11R6/bin:
AVERY_HOME=/stec/apps/avery/insight_2012_0410
LM_LICENSE_FILE=4071@samatrix02:1717@twlic:1717@samatrix02:7777@twlic:4071@twlic:1700@twlic:9999@twlic:5219@twlic:8888@samatrix02:1111@twlic:5678@twlic:4071@10.82.93.24:2100@samatrix02:3333@twlic:9898@twlic:6534@twlic:6534@samatrix02:1661@samatrix02:5280@samatrix02:1234@twlic
VMANAGER_PATH=/stec/apps/cadence/INCISIV13.10.011/kits/VerificationKit/soc_verification_lib/e_ex_lib/cdn_vm_ext/e
EANALYZER_ARCH=linux
SESSION_MANAGER=local/twlogin04:/tmp/.ICE-unix/29254
SPECMAN_DIR=/stec/apps/cadence/INCISIV13.10.011/components/sn/linux64
SGE_ROOT=/stec/apps/sge/sge6_2u5
SSH_TTY=/dev/pts/12
CORTEXM3_HOME=/hgst/proj/asic/columbus/releases/1.7.0/ip/arm_database/LATEST/Cortex_M3/CortexM3_28nmHPM_500MHz/armusers/at008af0/RUN/CortexM3/deliver/dsm/v1.0/CORTEXM3_dsm_VsystemV_Linux-64_r2p1-00rel0
VENDOR=unknown
WINDOWID=4911621
AVERY_PCI=/stec/apps/avery/pcixactor-2.3
SITE=tw
ATRENTA_LICENSE_FILE=1700@twlic
FV_KIT_LIB=/stec/apps/cadence/INCISIV13.10.011/kits/VerificationKit/soc_verification_lib
ecs_trace_on_3=ARM_R5
AVERY_NVME=/stec/apps/avery/nvmxactor-1.8c
DIR_CM3ETM=/hgst/proj/asic/columbus/releases/1.7.0/ip/arm_database/LATEST/Cortex_M3/ETMM3_28nmHPM_500MHz/armusers/at009af0/RUN/ETMM3/deliver/dsm/v1.0/CM3ETM_dsm_VsystemV_Linux-64_r2p1-00rel0/CM3ETM
ecs_trace_on_8=ARM_R5
tarmac_trace_on_3=ARM_R5
DISPLAY=:5.0
STEC_ENV=OK
tarmac_trace_on_8=ARM_R5
SGE_QMASTER_PORT=5555
QUESTA_HOME=/stec/apps/mentor/questa_sim_10.3c/questasim
PWD=/stec/tw/users/schen/prj/smartdv/lib/smtdv_xbus_uvc/sim
MTI_HOME=/stec/apps/mentor/questa_sim_10.3c/questasim
GHS_LMHOST=twlic01
INPUTRC=/etc/inputrc
DIR_CORTEXR5=/hgst/proj/asic/columbus/releases/1.7.0/ip/arm_database/LATEST/Cortex_R5/CORTEXR5_0404_28nmHPM_600MHz/DSM/CORTEXR5_dsm_VsystemV_Linux-64_r1p3-00rel0/CORTEXR5
LD_INCLUDE_PATH=/stec/tw/users/schen/tool/gcc-arm-none-eabi-4_9-2015q2/arm-none-eabi/include:/stec/tw/users/schen/local/include
VERDI_HOME=/stec/apps/novas/verdi_2013.09
G_BROKEN_FILENAMES=1
MANPATH=/stec/apps/utilities/perl_5.14.2/man:/stec/apps/utilities/perl_5.14.2/site/man:/stec/apps/utilities/make_3.81/man:/stec/apps/utilities/jdk1.6.0_24/man:/stec/apps/utilities/vnc_4.6.1/man:/stec/apps/utilities/gvim_7.3/share/man:/stec/apps/utilities/xemacs_21.4.22/man:/stec/apps/utilities/emacs_24.2/share/man:/stec/apps/sge/sge6_2u5/man:/usr/share/man
HOME=/stec/tw/users/schen
SYNOPSYS=/stec/apps/synopsys/
LD_LIBRARY_PATH=/stec/apps/utilities/svn_1.7.10/lib:/stec/apps/local/lib:/stec/apps/novas/verdi_2013.09/share/PLI/MODELSIM/LINUX64/:/stec/apps/utilities/python_2.7.3/lib:/stec/apps/utilities/SmartSVN_6.6.13/lib:/stec/apps/utilities/jdk1.6.0_24/lib:/usr/X11R6/lib:/stec/apps/utilities/xemacs_21.4.22/lib:/stec/apps/utilities/emacs_24.2/libexec:/stec/apps/local/lib:/stec/apps/novas/verdi_2013.09/share/PLI/MODELSIM/LINUX64/:/stec/apps/novas/verdi_2013.09/share/PLI/IUS/LINUX64:/stec/tw/users/schen/tool/gcc-arm-none-eabi-4_9-2015q2/arm-none-eabi/lib:/stec/tw/users/schen/local/lib:/stec/tw/users/schen/local/bin/python:/usr/local/lib
DEBUSSY_HOME=/stec/apps/novas/verdi_2013.09
PERL5LIB=/hgst/proj/asic/columbus/users/schen/coresight_1.7.0.n/bin/coresight_tool:/hgst/proj/asic/columbus/users/schen/coresight_1.7.0.n/bin/coresight_tool/input_format
CM3ETM_HOME=/hgst/proj/asic/columbus/releases/1.7.0/ip/arm_database/LATEST/Cortex_M3/ETMM3_28nmHPM_500MHz/armusers/at009af0/RUN/ETMM3/deliver/dsm/v1.0/CM3ETM_dsm_VsystemV_Linux-64_r2p1-00rel0
LOGNAME=schen
DIR_ETMR5=/hgst/proj/asic/columbus/releases/1.7.0/ip/arm_database/LATEST/Cortex_R5/ETMR5/DSM/ETMR5_dsm_VsystemV_Linux-64_t11_v1.0/ETMR5
ecs_trace_on_7=ARM_R5
SGE_CELL=default
OVM_EX_LIB=/stec/apps/cadence/INCISIV13.10.011/kits/VerificationKit/ovm_ex_lib
CADENCE_VIP_LIC_Q_TIMEOUT=50
tarmac_trace_on_7=ARM_R5
AVERY_AXI=/stec/apps/avery/axixactor-1.5.1016/scripts
CDS_LIC_FILE=5280@samatrix02:5280@twlic
GNOME_DESKTOP_SESSION_ID=Default
UVM_HOME=/stec/apps/mentor/questa_sim_10.3c/questasim/verilog_src/uvm-1.1d
HOSTNAME=twlogin04
ASIC_VER=1.7.0
MODULE_VERSION_STACK=3.2.9
SSH_ASKPASS=/usr/libexec/openssh/gnome-ssh-askpass
COLORTERM=gnome-terminal
ecs_trace_on_6=ARM_R5
OSTYPE=linux
SHLVL=3
tarmac_trace_on_6=ARM_R5
ASIC_SVN=http://twsvn01/svn/asic/columbus/trunk
ASIC_REL=/hgst/proj/asic/columbus/releases/1.7.0
EANALYZER_HOME=/stec/apps/cadence/INCISIV13.10.011/components/ea
ecs_trace_on_5=ARM_R5
SPECMAN_PATH=/stec/apps/cadence/INCISIV13.10.011/kits/VerificationKit/soc_verification_lib/abv_formal/abv_vm_util_v2.5_beta3:/stec/apps/cadence/INCISIV13.10.011/kits/VerificationKit/soc_verification_lib/abv_formal:/stec/apps/cadence/INCISIV13.10.011/kits/VerificationKit/soc_verification_lib/e_ex_lib:/stec/apps/cadence/INCISIV13.10.011/kits/VerificationKit/util_lib:/stec/apps/cadence/INCISIV13.10.011/kits/VerificationKit/misc/links:/stec/apps/cadence/INCISIV13.10.011/kits/VerificationKit/ovm_ex_lib:/stec/apps/cadence/INCISIV13.10.011/kits/VerificationKit/ovm_ex_lib/erm_ex_lib:/stec/apps/cadence/INCISIV13.10.011/kits/VerificationKit/ovm_ex_lib/e_ex_lib:/stec/apps/cadence/INCISIV13.10.011/kits/VerificationKit/soc_verification_lib:/stec/apps/cadence/INCISIV13.10.011/kits/VerificationKit/misc
USER=schen
tarmac_trace_on_5=ARM_R5
DIR_CORTEXM3=/hgst/proj/asic/columbus/releases/1.7.0/ip/arm_database/LATEST/Cortex_M3/CortexM3_28nmHPM_500MHz/armusers/at008af0/RUN/CortexM3/deliver/dsm/v1.0/CORTEXM3_dsm_VsystemV_Linux-64_r2p1-00rel0/CORTEXM3
QTLIB=/usr/lib64/qt-3.3/lib
WORK_SIM=/hgst/proj/asic/columbus/users/schen/coresight_1.7.0.n/units/columbus_top/verif/sim
AVERY_APB=/stec/apps/avery/apbxactor-1.0.1022/scripts
VNCDESKTOP=x11
INCISIVE_HOME=/stec/apps/cadence/INCISIV13.10.011
SGE=/stec/apps/sge/sge6_2u5/default/spool
REMOTEHOST=10.92.225.123
SOCV_KIT_HOME=/stec/apps/cadence/INCISIV13.10.011/kits/VerificationKit
PALLADIUM=twlogin04
ALWAYS_PROMPT=y
ABV_VM_UTIL=/stec/apps/cadence/INCISIV13.10.011/kits/VerificationKit/soc_verification_lib/abv_formal/abv_vm_util_v2.5_beta3
CVS_RSH=ssh
SBUILDER_HOME=/stec/apps/cadence/INCISIV13.10.011/components/sb
SPECMAN_HOME=/stec/apps/cadence/INCISIV13.10.011/components/sn
PYTHONPATH=/stec/apps/utilities/python_2.7.3/lib/python2.7/site-packages:/stec/apps/utilities/python_2.7.3/lib/python2.7
ecs_trace_on_0=ARM_R5
MAKEFLAGS=
MFLAGS=
SSH_CLIENT=10.92.225.123 59396 22
MAIL=/var/spool/mail/schen
tarmac_trace_on_0=ARM_R5
DIR_CORTEXR5CRFTESTER=/hgst/proj/asic/columbus/releases/1.7.0/ip/arm_database/LATEST/Cortex_R5/CORTEXR5_0404_28nmHPM_600MHz/DSM/CORTEXR5_dsm_VsystemV_Linux-64_r1p3-00rel0/testing
KDEDIR=/usr
MODULESHOME=/stec/apps/modules-3.2.9c/Modules/3.2.9
KIT_SETUP_DONE=1
ASIC_UNIT=columbus_top
ASIC_AREA=/hgst/proj/asic
NOVAS_IDLE_LICENSE_CHECKBACK=60
VRST_PATH=/stec/apps/cadence/INCISIV13.10.011/components/vm/bin:/stec/apps/cadence/INCISIV13.10.011/components/vm/linux:/stec/apps/cadence/INCISIV13.10.011/components/ea/bin:/stec/apps/cadence/INCISIV13.10.011/components/ea/linux:/stec/apps/cadence/INCISIV13.10.011/components/sn/bin:/stec/apps/cadence/INCISIV13.10.011/components/sn/linux:/stec/apps/cadence/INCISIV13.10.011/components/sb/bin:/stec/apps/cadence/INCISIV13.10.011/components/sb/linux
AVERY_AHB=/stec/apps/avery/ahbxactor-1.5.0814/scripts
ecs_trace_on_1=ARM_R5
DISPLAYNUM=5
CORTEXR5_HOME=/hgst/proj/asic/columbus/releases/1.7.0/ip/arm_database/LATEST/Cortex_R5/CORTEXR5_0404_28nmHPM_600MHz/DSM/CORTEXR5_dsm_VsystemV_Linux-64_r1p3-00rel0
_LMFILES_=/stec/apps/modules-3.2.9c/Modules/linux/silent:/stec/apps/modules-3.2.9c/Modules/linux/tw/license:/stec/apps/modules-3.2.9c/Modules/linux/tw/sge/6.2u5:/stec/apps/modules-3.2.9c/Modules/linux/avery/insight.2012.0410:/stec/apps/modules-3.2.9c/Modules/linux/avery/nvmxactor.1.8c:/stec/apps/modules-3.2.9c/Modules/linux/avery/pcixactor.2.3:/stec/apps/modules-3.2.9c/Modules/linux/avery/pli.2013.0704:/stec/apps/modules-3.2.9c/Modules/linux/incisiv/13.10.011:/stec/apps/modules-3.2.9c/Modules/linux/verdi/2013.09:/stec/apps/modules-3.2.9c/Modules/linux/acroread/9.5.1:/stec/apps/modules-3.2.9c/Modules/linux/emacs/24.2:/stec/apps/modules-3.2.9c/Modules/linux/xemacs/21.4.22:/stec/apps/modules-3.2.9c/Modules/linux/nedit/5.5:/stec/apps/modules-3.2.9c/Modules/linux/vim/7.3:/stec/apps/modules-3.2.9c/Modules/linux/tkdiff/4.1.4:/stec/apps/modules-3.2.9c/Modules/linux/vnc/4.6.1:/stec/apps/modules-3.2.9c/Modules/linux/jdk/1.6:/stec/apps/modules-3.2.9c/Modules/linux/smartsvn/6.6.13:/stec/apps/modules-3.2.9c/Modules/linux/make/3.81:/stec/apps/modules-3.2.9c/Modules/linux/perl/5.14.2:/stec/apps/modules-3.2.9c/Modules/linux/python/2.7.3:/stec/apps/modules-3.2.9c/Modules/linux/questa_cdc/10.3e:/stec/apps/modules-3.2.9c/Modules/linux/questa_sim/10.3c:/stec/apps/modules-3.2.9c/Modules/linux/svn/1.7.10
tarmac_trace_on_1=ARM_R5
KDE_IS_PRELINKED=1
LMC_HOME=/hgst/proj/asic/columbus/users/schen/coresight_1.7.0.n/units/columbus_top/verif/sim/DSM/LMC_HOME
MODEL_TECH=/stec/apps/mentor/questa_sim_10.3c/questasim/bin
ANLS_LICENSE_FILE=2828@salic01
MODULE_VERSION=3.2.9
EDITOR=vi
PAGER=less
NOVAS_LICENSE_FILE=27000@salic01
VR_SB_ENABLE_RUNNER=yes
HOSTTYPE=x86_64-linux
GROUP=asic
WORK_AREA=/hgst/proj/asic/columbus/users/schen/coresight_1.7.0.n
SGE_EXECD_PORT=9999
AVERY_SOP=/stec/apps/avery/sopxactor-1.6
IPCM_HOME=/stec/apps/cadence/INCISIV13.10.011/kits/VerificationKit
SVN_INST_PATH=/stec/apps/utilities/svn_1.7.10
AVERY_PIC=/stec/apps/avery/pcixactor.2.3.1011.r1
QTINC=/usr/lib64/qt-3.3/include
LANG=en_US.UTF-8
RTL_ROOT=
TERM=xterm
MG_LIB=/hgst/proj/asic/columbus/releases/1.7.0/ip/arm_database/LATEST/Cortex_R5/CORTEXR5_0404_28nmHPM_600MHz/DSM/CORTEXR5_dsm_VsystemV_Linux-64_r1p3-00rel0/ModelManager/MMAPI_5.1.0/Linux-64/MM:/hgst/proj/asic/columbus/releases/1.7.0/ip/arm_database/LATEST/Cortex_R5/ETMR5/DSM/ETMR5_dsm_VsystemV_Linux-64_t11_v1.0/ModelManager/MMAPI_5.1.0/Linux-64/MM/:/hgst/proj/asic/columbus/releases/1.7.0/ip/arm_database/LATEST/Cortex_M3/ETMM3_28nmHPM_500MHz/armusers/at009af0/RUN/ETMM3/deliver/dsm/v1.0/CM3ETM_dsm_VsystemV_Linux-64_r2p1-00rel0/ModelManager/MMAPI_5.1.0/Linux-64/MM
ecs_trace_on_2=ARM_R5
HOST=twlogin04
NCPROTECT_KEYDB=/stec/apps/cadence/INCISIV13.10.011/kits/VerificationKit/misc/ip_keys
MAKELEVEL=1
/stec/tw/users/schen/prj/smartdv/lib/smtdv_xbus_uvc/sim/INCA_libs/irun.lnx8664.13.10.nc/svpp.ts
CDS_ARCH=lnx86
NCRUNMODE=irun:./INCA_libs/irun.lnx8664.13.10.nc
IRUNBATCH=FALSE
IMPERAS_PORT_FILE=.vsp_ovp_gdb_port
TCL_LIBRARY=/stec/apps/cadence/INCISIV13.10.011/tools/inca/files/tcl/library
Runtime command line arguments:
argv[0]=irun
argv[1]=-uvm
argv[2]=-64bit
argv[3]=-access
argv[4]=rwc
argv[5]=-status
argv[6]=-top
argv[7]=top
argv[8]=+UVM_TESTNAME=xbus_stl_test
argv[9]=+UVM_VERBOSITY=UVM_DEBUG
argv[10]=-covoverwrite
argv[11]=-coverage
argv[12]=b:u
argv[13]=+nccoverage+functional
argv[14]=+notchkmsg
argv[15]=+notimingchecks
argv[16]=+no_notifier
argv[17]=+define+SVA
argv[18]=+define+IUS
argv[19]=+incdir+../../smtdv_common
argv[20]=+incdir+../../
argv[21]=+incdir+../
argv[22]=+incdir+../test
argv[23]=+incdir+../seq
argv[24]=+incdir+../v
argv[25]=+incdir+./
argv[26]=+incdir+../../../dpi/sqlite3
argv[27]=+incdir+../../../dpi/stl
argv[28]=../../smtdv_common/smtdv_common_pkg.sv
argv[29]=../../../dpi/sqlite3/smtdv_sqlite3_pkg.sv
argv[30]=../../../dpi/stl/smtdv_stl_pkg.sv
argv[31]=../xbus_pkg.sv
argv[32]=../test/xbus_top.sv
argv[33]=-sv
argv[34]=../v/dut_xbus_1m1s.v
argv[35]=-sv_lib
argv[36]=../../../dpi/sqlite3/dpi_smtdv_lib.so
argv[37]=-sv_lib
argv[38]=../../../dpi/stl/dpi_smtdv_stl.so
argv[39]=-input
argv[40]=simvision.tcl
argv[41]=-batch
235 profile - 100
          CPU/Mem usage: 0.320 sys,  0.250 user,  243.20M sys,  0.00M vm
236 VC callback profile - scalar:0 vector:0
237 Wed Sep  9 10:05:51 2015
238 pliAppInit
239 *Verdi3* : Enable Parallel Dumping.
240 pliAppMiscSet: New Sim Round
241 LIBSSCORE=found /stec/apps/novas/verdi_2013.09/share/PLI/IUS/LINUX64/libsscore_ius131.so through $LD_LIBRARY_PATH setting.
242 Catch signal 11. Stack trace follows:
#0  0x0000003f2dac71c0 in __read_nocancel () from /lib64/libc.so.6
#1  0x0000003f2da6bd07 in _IO_new_file_underflow () from /lib64/libc.so.6
#2  0x0000003f2da6c6ce in _IO_default_uflow_internal () from /lib64/libc.so.6
#3  0x0000003f2da616b4 in _IO_getline_info_internal () from /lib64/libc.so.6
#4  0x0000003f2da60559 in fgets () from /lib64/libc.so.6
#5  0x00002b58617ef932 in ndpGetCallStack () from /stec/apps/novas/verdi_2013.09/share/PLI/IUS/LINUX64/libsscore_ius131.so
#6  0x00002b58618203da in pliAppDbg_SigHandler () from /stec/apps/novas/verdi_2013.09/share/PLI/IUS/LINUX64/libsscore_ius131.so
#7  0x00002b58617ef3ac in catchSignalCB () from /stec/apps/novas/verdi_2013.09/share/PLI/IUS/LINUX64/libsscore_ius131.so
#8  <signal handler called>
#9  0x00002b585c501818 in ?? ()
#10 0x00002b585c501808 in ?? ()
#11 0x0000000000000000 in ?? ()
243 Sim process exit
