QuestaSim-64 vlog 10.4c Compiler 2015.07 Jul 19 2015
Start time: 15:15:31 on Nov 10,2015
vlog -vopt -timescale 10ps/1ps "+notimingchecks" -64 -suppress 2240 -suppress 2181 -suppress 2239 -sv "+libext+_ncverilog.v+.v+.sv" -l compile.log "+incdir+../sv" "+incdir+../../smtdv_common" "+incdir+../" "+incdir+../test" "+incdir+../seq" "+incdir+../v" "+incdir+./" "+incdir+../../../dpi/sqlite3" "+incdir+../../../dpi/stl" ../../smtdv_common/smtdv_common_pkg.sv ../../../dpi/sqlite3/smtdv_sqlite3_pkg.sv ../../../dpi/stl/smtdv_stl_pkg.sv ../sv/uart_pkg.sv ../test/uart_top.sv -sv ../v/dut_uart_1m1s.v 
-- Compiling package smtdv_common_pkg
-- Importing package mtiUvm.uvm_pkg (uvm-1.1d Built-in)
** Note: (vlog-2286) Using implicit +incdir+/stec/apps/mentor/questa_sim_10.4c/questasim/uvm-1.1d/../verilog_src/uvm-1.1d/src from import uvm_pkg
** Error: ../../smtdv_common/smtdv_common_pkg.sv(10): (vlog-13006) Could not find the package (smtdv_sqlite3_pkg).  Design read will continue, but expect a cascade of errors after this failure.  Furthermore if you experience a vopt-7 error immediately before this error then please check the package names or the library search paths on the command line.
** Error: ../../smtdv_common/smtdv_common_pkg.sv(12): (vlog-13006) Could not find the package (smtdv_stl_pkg).  Design read will continue, but expect a cascade of errors after this failure.  Furthermore if you experience a vopt-7 error immediately before this error then please check the package names or the library search paths on the command line.
** Warning: ** while parsing file included at ../../smtdv_common/smtdv_common_pkg.sv(16)
** while parsing file included at ../../smtdv_common/smtdv_lib.sv(23)
** at ../../smtdv_common/smtdv_scoreboard_threads.sv(32): (vlog-2897) Using non-standard foreach loop variable list syntax.
** Warning: ** while parsing file included at ../../smtdv_common/smtdv_common_pkg.sv(16)
** while parsing file included at ../../smtdv_common/smtdv_lib.sv(23)
** at ../../smtdv_common/smtdv_scoreboard_threads.sv(72): (vlog-2897) Using non-standard foreach loop variable list syntax.
** Error: ** while parsing file included at ../../smtdv_common/smtdv_common_pkg.sv(17)
** at ../../smtdv_common/smtdv_generic_memory_cb.sv(23): (vlog-2164) Class or package 'smtdv_sqlite3' not found.
** Error: ** while parsing file included at ../../smtdv_common/smtdv_common_pkg.sv(17)
** at ../../smtdv_common/smtdv_generic_memory_cb.sv(23): (vlog-2730) Undefined variable: 'smtdv_sqlite3'.
** Error: (vlog-13069) ** while parsing file included at ../../smtdv_common/smtdv_common_pkg.sv(17)
** at ../../smtdv_common/smtdv_generic_memory_cb.sv(23): near "::": syntax error, unexpected ::.
** Error: ** while parsing file included at ../../smtdv_common/smtdv_common_pkg.sv(17)
** at ../../smtdv_common/smtdv_generic_memory_cb.sv(25): (vlog-2164) Class or package 'smtdv_sqlite3' not found.
** Error: (vlog-13069) ** while parsing file included at ../../smtdv_common/smtdv_common_pkg.sv(17)
** at ../../smtdv_common/smtdv_generic_memory_cb.sv(25): near "::": syntax error, unexpected ::.
** Error: ** while parsing file included at ../../smtdv_common/smtdv_common_pkg.sv(17)
** at ../../smtdv_common/smtdv_generic_memory_cb.sv(26): (vlog-2164) Class or package 'smtdv_sqlite3' not found.
** Error: ** while parsing file included at ../../smtdv_common/smtdv_common_pkg.sv(17)
** at ../../smtdv_common/smtdv_generic_memory_cb.sv(31): (vlog-2164) Class or package 'smtdv_sqlite3' not found.
** Error: ** while parsing file included at ../../smtdv_common/smtdv_common_pkg.sv(17)
** at ../../smtdv_common/smtdv_generic_memory_cb.sv(31): (vlog-2730) Undefined variable: 'smtdv_sqlite3'.
** Error: (vlog-13069) ** while parsing file included at ../../smtdv_common/smtdv_common_pkg.sv(17)
** at ../../smtdv_common/smtdv_generic_memory_cb.sv(31): near "::": syntax error, unexpected ::.
** Error: ** while parsing file included at ../../smtdv_common/smtdv_common_pkg.sv(17)
** at ../../smtdv_common/smtdv_generic_memory_cb.sv(32): (vlog-2164) Class or package 'smtdv_sqlite3' not found.
** Error: ** while parsing file included at ../../smtdv_common/smtdv_common_pkg.sv(17)
** at ../../smtdv_common/smtdv_generic_memory_cb.sv(33): (vlog-2164) Class or package 'smtdv_sqlite3' not found.
** Error: ** while parsing file included at ../../smtdv_common/smtdv_common_pkg.sv(17)
** at ../../smtdv_common/smtdv_generic_memory_cb.sv(34): (vlog-2164) Class or package 'smtdv_sqlite3' not found.
** Error: ** while parsing file included at ../../smtdv_common/smtdv_common_pkg.sv(17)
** at ../../smtdv_common/smtdv_generic_memory_cb.sv(35): (vlog-2164) Class or package 'smtdv_sqlite3' not found.
** Error: ** while parsing file included at ../../smtdv_common/smtdv_common_pkg.sv(17)
** at ../../smtdv_common/smtdv_generic_memory_cb.sv(36): (vlog-2164) Class or package 'smtdv_sqlite3' not found.
** Error: ** while parsing file included at ../../smtdv_common/smtdv_common_pkg.sv(17)
** at ../../smtdv_common/smtdv_generic_memory_cb.sv(37): (vlog-2164) Class or package 'smtdv_sqlite3' not found.
** Error: ** while parsing file included at ../../smtdv_common/smtdv_common_pkg.sv(17)
** at ../../smtdv_common/smtdv_generic_memory_cb.sv(41): (vlog-2164) Class or package 'smtdv_sqlite3' not found.
** Error: ** while parsing file included at ../../smtdv_common/smtdv_common_pkg.sv(17)
** at ../../smtdv_common/smtdv_generic_memory_cb.sv(41): (vlog-2730) Undefined variable: 'smtdv_sqlite3'.
** Error: (vlog-13069) ** while parsing file included at ../../smtdv_common/smtdv_common_pkg.sv(17)
** at ../../smtdv_common/smtdv_generic_memory_cb.sv(41): near "::": syntax error, unexpected ::.
** Error: ** while parsing file included at ../../smtdv_common/smtdv_common_pkg.sv(17)
** at ../../smtdv_common/smtdv_generic_memory_cb.sv(42): (vlog-2164) Class or package 'smtdv_sqlite3' not found.
** Error: ** while parsing file included at ../../smtdv_common/smtdv_common_pkg.sv(17)
** at ../../smtdv_common/smtdv_generic_memory_cb.sv(43): (vlog-2164) Class or package 'smtdv_sqlite3' not found.
** Error: ** while parsing file included at ../../smtdv_common/smtdv_common_pkg.sv(17)
** at ../../smtdv_common/smtdv_generic_memory_cb.sv(44): (vlog-2164) Class or package 'smtdv_sqlite3' not found.
** Error: ** while parsing file included at ../../smtdv_common/smtdv_common_pkg.sv(17)
** at ../../smtdv_common/smtdv_generic_memory_cb.sv(45): (vlog-2164) Class or package 'smtdv_sqlite3' not found.
** Error: ** while parsing file included at ../../smtdv_common/smtdv_common_pkg.sv(17)
** at ../../smtdv_common/smtdv_generic_memory_cb.sv(46): (vlog-2164) Class or package 'smtdv_sqlite3' not found.
** Error: ** while parsing file included at ../../smtdv_common/smtdv_common_pkg.sv(17)
** at ../../smtdv_common/smtdv_generic_memory_cb.sv(47): (vlog-2164) Class or package 'smtdv_sqlite3' not found.
-- Compiling interface smtdv_if
-- Compiling interface smtdv_gen_rst_if
** Error: ../sv/uart_pkg.sv(10): (vlog-13006) Could not find the package (smtdv_common_pkg).  Design read will continue, but expect a cascade of errors after this failure.  Furthermore if you experience a vopt-7 error immediately before this error then please check the package names or the library search paths on the command line.
** Error: (vlog-13069) ** while parsing file included at ../sv/uart_pkg.sv(18)
** at ../sv/uart_item.sv(7): near "smtdv_sequence_item": syntax error, unexpected IDENTIFIER.
** Error: ** while parsing file included at ../sv/uart_pkg.sv(18)
** at ../sv/uart_item.sv(7): Error in class extension specification.
** Error (suppressible): ** while parsing file included at ../sv/uart_pkg.sv(18)
** while parsing file included at ../test/uart_top.sv(11)
** at ../sv/uart_if_harness.sv(5): (vlog-2744) An import statement is illegal when directly within a class scope.
** Error (suppressible): ** while parsing file included at ../sv/uart_pkg.sv(18)
** while parsing file included at ../test/uart_top.sv(11)
** while parsing file included at ../sv/uart_if_harness.sv(8)
** at ../sv/uart_if.sv(6): (vlog-2744) An import statement is illegal when directly within a class scope.
-- Compiling interface uart_if
** Error: ** while parsing file included at ../sv/uart_pkg.sv(18)
** while parsing file included at ../test/uart_top.sv(11)
** while parsing file included at ../sv/uart_if_harness.sv(8)
** at ../sv/uart_if.sv(11): Illegal use of 'automatic' for variable declaration (clk).
** Error: ** while parsing file included at ../sv/uart_pkg.sv(18)
** while parsing file included at ../test/uart_top.sv(11)
** while parsing file included at ../sv/uart_if_harness.sv(8)
** at ../sv/uart_if.sv(12): Illegal use of 'automatic' for variable declaration (resetn).
** Error: ** while parsing file included at ../sv/uart_pkg.sv(18)
** while parsing file included at ../test/uart_top.sv(11)
** while parsing file included at ../sv/uart_if_harness.sv(8)
** at ../sv/uart_if.sv(14): Illegal use of 'automatic' for variable declaration (txd).
** Error: ** while parsing file included at ../sv/uart_pkg.sv(18)
** while parsing file included at ../test/uart_top.sv(11)
** while parsing file included at ../sv/uart_if_harness.sv(8)
** at ../sv/uart_if.sv(15): Illegal use of 'automatic' for variable declaration (rxd).
** Error: ** while parsing file included at ../sv/uart_pkg.sv(18)
** while parsing file included at ../test/uart_top.sv(11)
** while parsing file included at ../sv/uart_if_harness.sv(8)
** at ../sv/uart_if.sv(17): Illegal use of 'automatic' for variable declaration (intrpt).
** Error: ** while parsing file included at ../sv/uart_pkg.sv(18)
** while parsing file included at ../test/uart_top.sv(11)
** while parsing file included at ../sv/uart_if_harness.sv(8)
** at ../sv/uart_if.sv(19): Illegal use of 'automatic' for variable declaration (ri_n).
** Error: ** while parsing file included at ../sv/uart_pkg.sv(18)
** while parsing file included at ../test/uart_top.sv(11)
** while parsing file included at ../sv/uart_if_harness.sv(8)
** at ../sv/uart_if.sv(20): Illegal use of 'automatic' for variable declaration (cts_n).
** Error: ** while parsing file included at ../sv/uart_pkg.sv(18)
** while parsing file included at ../test/uart_top.sv(11)
** while parsing file included at ../sv/uart_if_harness.sv(8)
** at ../sv/uart_if.sv(21): Illegal use of 'automatic' for variable declaration (dsr_n).
** Error: ** while parsing file included at ../sv/uart_pkg.sv(18)
** while parsing file included at ../test/uart_top.sv(11)
** while parsing file included at ../sv/uart_if_harness.sv(8)
** at ../sv/uart_if.sv(22): Illegal use of 'automatic' for variable declaration (rts_n).
** Error: ** while parsing file included at ../sv/uart_pkg.sv(18)
** while parsing file included at ../test/uart_top.sv(11)
** while parsing file included at ../sv/uart_if_harness.sv(8)
** at ../sv/uart_if.sv(23): Illegal use of 'automatic' for variable declaration (dtr_n).
** Error: ** while parsing file included at ../sv/uart_pkg.sv(18)
** while parsing file included at ../test/uart_top.sv(11)
** while parsing file included at ../sv/uart_if_harness.sv(8)
** at ../sv/uart_if.sv(24): Illegal use of 'automatic' for variable declaration (dcd_n).
** Error: ** while parsing file included at ../sv/uart_pkg.sv(18)
** while parsing file included at ../test/uart_top.sv(11)
** while parsing file included at ../sv/uart_if_harness.sv(8)
** at ../sv/uart_if.sv(27): Illegal use of 'automatic' for variable declaration (baud_clk).
** Error: ** while parsing file included at ../sv/uart_pkg.sv(18)
** while parsing file included at ../test/uart_top.sv(11)
** while parsing file included at ../sv/uart_if_harness.sv(8)
** at ../sv/uart_if.sv(30): Illegal use of 'automatic' for variable declaration (has_checks).
** Error: ** while parsing file included at ../sv/uart_pkg.sv(18)
** while parsing file included at ../test/uart_top.sv(11)
** while parsing file included at ../sv/uart_if_harness.sv(8)
** at ../sv/uart_if.sv(11): A static declaration may not use any non-static references in its initial expression
** Error: ** while parsing file included at ../sv/uart_pkg.sv(18)
** while parsing file included at ../test/uart_top.sv(11)
** while parsing file included at ../sv/uart_if_harness.sv(8)
** at ../sv/uart_if.sv(12): A static declaration may not use any non-static references in its initial expression
** Error: ** while parsing file included at ../sv/uart_pkg.sv(18)
** while parsing file included at ../test/uart_top.sv(11)
** while parsing file included at ../sv/uart_if_harness.sv(8)
** at ../sv/uart_if.sv(15): A static declaration may not use any non-static references in its initial expression
** Error: ** while parsing file included at ../sv/uart_pkg.sv(18)
** while parsing file included at ../test/uart_top.sv(11)
** while parsing file included at ../sv/uart_if_harness.sv(8)
** at ../sv/uart_if.sv(20): A static declaration may not use any non-static references in its initial expression
** Error: ** while parsing file included at ../sv/uart_pkg.sv(18)
** while parsing file included at ../test/uart_top.sv(11)
** while parsing file included at ../sv/uart_if_harness.sv(8)
** at ../sv/uart_if.sv(21): A static declaration may not use any non-static references in its initial expression
** Error: ** while parsing file included at ../sv/uart_pkg.sv(18)
** while parsing file included at ../test/uart_top.sv(11)
** while parsing file included at ../sv/uart_if_harness.sv(8)
** at ../sv/uart_if.sv(19): A static declaration may not use any non-static references in its initial expression
** Error: ** while parsing file included at ../sv/uart_pkg.sv(18)
** while parsing file included at ../test/uart_top.sv(11)
** while parsing file included at ../sv/uart_if_harness.sv(8)
** at ../sv/uart_if.sv(11): A static declaration may not use any non-static references in its initial expression
** Error: ** while parsing file included at ../sv/uart_pkg.sv(18)
** while parsing file included at ../test/uart_top.sv(11)
** while parsing file included at ../sv/uart_if_harness.sv(8)
** at ../sv/uart_if.sv(12): A static declaration may not use any non-static references in its initial expression
** Error: ** while parsing file included at ../sv/uart_pkg.sv(18)
** while parsing file included at ../test/uart_top.sv(11)
** while parsing file included at ../sv/uart_if_harness.sv(8)
** at ../sv/uart_if.sv(14): A static declaration may not use any non-static references in its initial expression
** Error: ** while parsing file included at ../sv/uart_pkg.sv(18)
** while parsing file included at ../test/uart_top.sv(11)
** while parsing file included at ../sv/uart_if_harness.sv(8)
** at ../sv/uart_if.sv(22): A static declaration may not use any non-static references in its initial expression
** Error: ** while parsing file included at ../sv/uart_pkg.sv(18)
** while parsing file included at ../test/uart_top.sv(11)
** while parsing file included at ../sv/uart_if_harness.sv(8)
** at ../sv/uart_if.sv(23): A static declaration may not use any non-static references in its initial expression
** Error: ** while parsing file included at ../sv/uart_pkg.sv(18)
** while parsing file included at ../test/uart_top.sv(11)
** while parsing file included at ../sv/uart_if_harness.sv(8)
** at ../sv/uart_if.sv(24): A static declaration may not use any non-static references in its initial expression
-- Compiling interface uart_tx_if_harness
** Error: ** while parsing file included at ../sv/uart_pkg.sv(18)
** while parsing file included at ../test/uart_top.sv(11)
** at ../sv/uart_if_harness.sv(14): Illegal use of 'automatic' for variable declaration (clk).
** Error: ** while parsing file included at ../sv/uart_pkg.sv(18)
** while parsing file included at ../test/uart_top.sv(11)
** at ../sv/uart_if_harness.sv(15): Illegal use of 'automatic' for variable declaration (resetn).
** Error: ** while parsing file included at ../sv/uart_pkg.sv(18)
** while parsing file included at ../test/uart_top.sv(11)
** at ../sv/uart_if_harness.sv(17): Illegal use of 'automatic' for variable declaration (txd).
** Error: ** while parsing file included at ../sv/uart_pkg.sv(18)
** while parsing file included at ../test/uart_top.sv(11)
** at ../sv/uart_if_harness.sv(18): Illegal use of 'automatic' for variable declaration (rxd).
** Error: ** while parsing file included at ../sv/uart_pkg.sv(18)
** while parsing file included at ../test/uart_top.sv(11)
** at ../sv/uart_if_harness.sv(20): Illegal use of 'automatic' for variable declaration (intrpt).
** Error: ** while parsing file included at ../sv/uart_pkg.sv(18)
** while parsing file included at ../test/uart_top.sv(11)
** at ../sv/uart_if_harness.sv(22): Illegal use of 'automatic' for variable declaration (ri_n).
** Error: ** while parsing file included at ../sv/uart_pkg.sv(18)
** while parsing file included at ../test/uart_top.sv(11)
** at ../sv/uart_if_harness.sv(23): Illegal use of 'automatic' for variable declaration (cts_n).
** Error: ** while parsing file included at ../sv/uart_pkg.sv(18)
** while parsing file included at ../test/uart_top.sv(11)
** at ../sv/uart_if_harness.sv(24): Illegal use of 'automatic' for variable declaration (dsr_n).
** Error: ** while parsing file included at ../sv/uart_pkg.sv(18)
** while parsing file included at ../test/uart_top.sv(11)
** at ../sv/uart_if_harness.sv(25): Illegal use of 'automatic' for variable declaration (rts_n).
** Error: ** while parsing file included at ../sv/uart_pkg.sv(18)
** while parsing file included at ../test/uart_top.sv(11)
** at ../sv/uart_if_harness.sv(26): Illegal use of 'automatic' for variable declaration (dtr_n).
** Error: ** while parsing file included at ../sv/uart_pkg.sv(18)
** while parsing file included at ../test/uart_top.sv(11)
** at ../sv/uart_if_harness.sv(27): Illegal use of 'automatic' for variable declaration (dcd_n).
** Error: ** while parsing file included at ../sv/uart_pkg.sv(18)
** while parsing file included at ../test/uart_top.sv(11)
** at ../sv/uart_if_harness.sv(30): Illegal use of 'automatic' for variable declaration (baud_clk).
** Error: ** while parsing file included at ../sv/uart_pkg.sv(18)
** while parsing file included at ../test/uart_top.sv(11)
** at ../sv/uart_if_harness.sv(32): Illegal use of 'automatic' for variable declaration (has_force).
-- Compiling interface uart_rx_if_harness
** Error: ** while parsing file included at ../sv/uart_pkg.sv(18)
** while parsing file included at ../test/uart_top.sv(11)
** at ../sv/uart_if_harness.sv(76): Illegal use of 'automatic' for variable declaration (clk).
** Error: ** while parsing file included at ../sv/uart_pkg.sv(18)
** while parsing file included at ../test/uart_top.sv(11)
** at ../sv/uart_if_harness.sv(77): Illegal use of 'automatic' for variable declaration (resetn).
** Error: ** while parsing file included at ../sv/uart_pkg.sv(18)
** while parsing file included at ../test/uart_top.sv(11)
** at ../sv/uart_if_harness.sv(79): Illegal use of 'automatic' for variable declaration (txd).
** Error: ** while parsing file included at ../sv/uart_pkg.sv(18)
** while parsing file included at ../test/uart_top.sv(11)
** at ../sv/uart_if_harness.sv(80): Illegal use of 'automatic' for variable declaration (rxd).
** Error: ** while parsing file included at ../sv/uart_pkg.sv(18)
** while parsing file included at ../test/uart_top.sv(11)
** at ../sv/uart_if_harness.sv(82): Illegal use of 'automatic' for variable declaration (intrpt).
** Error: ** while parsing file included at ../sv/uart_pkg.sv(18)
** while parsing file included at ../test/uart_top.sv(11)
** at ../sv/uart_if_harness.sv(84): Illegal use of 'automatic' for variable declaration (ri_n).
** Error: ** while parsing file included at ../sv/uart_pkg.sv(18)
** while parsing file included at ../test/uart_top.sv(11)
** at ../sv/uart_if_harness.sv(85): Illegal use of 'automatic' for variable declaration (cts_n).
** Error: ** while parsing file included at ../sv/uart_pkg.sv(18)
** while parsing file included at ../test/uart_top.sv(11)
** at ../sv/uart_if_harness.sv(86): Illegal use of 'automatic' for variable declaration (dsr_n).
** Error: ** while parsing file included at ../sv/uart_pkg.sv(18)
** while parsing file included at ../test/uart_top.sv(11)
** at ../sv/uart_if_harness.sv(87): Illegal use of 'automatic' for variable declaration (rts_n).
** Error: ** while parsing file included at ../sv/uart_pkg.sv(18)
** while parsing file included at ../test/uart_top.sv(11)
** at ../sv/uart_if_harness.sv(88): Illegal use of 'automatic' for variable declaration (dtr_n).
** Error: ** while parsing file included at ../sv/uart_pkg.sv(18)
** while parsing file included at ../test/uart_top.sv(11)
** at ../sv/uart_if_harness.sv(89): Illegal use of 'automatic' for variable declaration (dcd_n).
** Error: ** while parsing file included at ../sv/uart_pkg.sv(18)
** while parsing file included at ../test/uart_top.sv(11)
** at ../sv/uart_if_harness.sv(92): Illegal use of 'automatic' for variable declaration (baud_clk).
** Error: ** while parsing file included at ../sv/uart_pkg.sv(18)
** while parsing file included at ../test/uart_top.sv(11)
** at ../sv/uart_if_harness.sv(94): Illegal use of 'automatic' for variable declaration (has_force).
** Error: ** while parsing file included at ../sv/uart_pkg.sv(18)
** at ../test/uart_top.sv(18): (vlog-13006) Could not find the package (smtdv_common_pkg).  Design read will continue, but expect a cascade of errors after this failure.  Furthermore if you experience a vopt-7 error immediately before this error then please check the package names or the library search paths on the command line.
** Error: (vlog-13069) ** while parsing file included at ../sv/uart_pkg.sv(18)
** while parsing file included at ../test/uart_top.sv(24)
** while parsing file included at ..//./test/uart_test_list.sv(6)
** at ../test/uart_base_test.sv(8): near "smtdv_test": syntax error, unexpected IDENTIFIER.
** Error: ** while parsing file included at ../sv/uart_pkg.sv(18)
** while parsing file included at ../test/uart_top.sv(24)
** while parsing file included at ..//./test/uart_test_list.sv(6)
** at ../test/uart_base_test.sv(8): Error in class extension specification.
** Error: (vlog-13069) ** while parsing file included at ../sv/uart_pkg.sv(18)
** while parsing file included at ../test/uart_top.sv(24)
** while parsing file included at ..//./test/uart_test_list.sv(6)
** at ../test/uart_base_test.sv(12): near "$": syntax error, unexpected '$'.
** Error: (vlog-13069) ** while parsing file included at ../sv/uart_pkg.sv(18)
** while parsing file included at ../test/uart_top.sv(24)
** while parsing file included at ..//./test/uart_test_list.sv(6)
** at ../test/uart_base_test.sv(13): near "$": syntax error, unexpected '$'.
** Error: (vlog-13069) ** while parsing file included at ../sv/uart_pkg.sv(18)
** while parsing file included at ../test/uart_top.sv(24)
** while parsing file included at ..//./test/uart_test_list.sv(6)
** at ../test/uart_base_test.sv(15): near "$": syntax error, unexpected '$'.
** Error: (vlog-13069) ** while parsing file included at ../sv/uart_pkg.sv(18)
** while parsing file included at ../test/uart_top.sv(24)
** while parsing file included at ..//./test/uart_test_list.sv(6)
** at ../test/uart_base_test.sv(16): near "$": syntax error, unexpected '$'.
** Error: (vlog-13069) ** while parsing file included at ../sv/uart_pkg.sv(18)
** while parsing file included at ../test/uart_top.sv(24)
** while parsing file included at ..//./test/uart_test_list.sv(6)
** at ../test/uart_base_test.sv(18): near ";": syntax error, unexpected ';', expecting '('.
** Warning: ** while parsing file included at ../sv/uart_pkg.sv(18)
** while parsing file included at ../test/uart_top.sv(24)
** while parsing file included at ..//./test/uart_test_list.sv(6)
** while parsing macro expansion: 'uvm_component_utils' starting at ../test/uart_base_test.sv(20)
** at ../test/uart_base_test.sv(20): (vlog-2953) Incorrect usage of keyword 'static'.
** Error: (vlog-13069) ** while parsing file included at ../sv/uart_pkg.sv(18)
** while parsing file included at ../test/uart_top.sv(24)
** while parsing file included at ..//./test/uart_test_list.sv(6)
** while parsing macro expansion: 'uvm_component_utils' starting at ../test/uart_base_test.sv(20)
** at ../test/uart_base_test.sv(20): near "function": syntax error, unexpected function, expecting IDENTIFIER or TYPE_IDENTIFIER or NETTYPE_IDENTIFIER.
** Error: (vlog-13069) ** while parsing file included at ../sv/uart_pkg.sv(18)
** while parsing file included at ../test/uart_top.sv(24)
** while parsing file included at ..//./test/uart_test_list.sv(6)
** at ../test/uart_base_test.sv(23): near "new": syntax error, unexpected new, expecting TYPE_IDENTIFIER.
** Error: (vlog-13069) ** while parsing file included at ../sv/uart_pkg.sv(18)
** while parsing file included at ../test/uart_top.sv(24)
** while parsing file included at ..//./test/uart_test_list.sv(6)
** at ../test/uart_base_test.sv(28): near "build_phase": syntax error, unexpected IDENTIFIER, expecting TYPE_IDENTIFIER.
** Error: ** while parsing file included at ../sv/uart_pkg.sv(18)
** while parsing file included at ../test/uart_top.sv(24)
** while parsing file included at ..//./test/uart_test_list.sv(6)
** at ../test/uart_base_test.sv(31): (vlog-13205) Syntax error found in the scope following 'rx_cfg0'. Is there a missing '::'?
** Error: ** while parsing file included at ../sv/uart_pkg.sv(18)
** while parsing file included at ../test/uart_top.sv(24)
** while parsing file included at ..//./test/uart_test_list.sv(6)
** while parsing file included at ../v/dut_uart_1m1s.v(2)
** at ../v/uart_tx.v(23): Illegal use of 'automatic' for variable declaration (clk).
** Error: ** while parsing file included at ../sv/uart_pkg.sv(18)
** while parsing file included at ../test/uart_top.sv(24)
** while parsing file included at ..//./test/uart_test_list.sv(6)
** while parsing file included at ../v/dut_uart_1m1s.v(2)
** at ../v/uart_tx.v(24): Illegal use of 'automatic' for variable declaration (resetn).
** Error: ** while parsing file included at ../sv/uart_pkg.sv(18)
** while parsing file included at ../test/uart_top.sv(24)
** while parsing file included at ..//./test/uart_test_list.sv(6)
** while parsing file included at ../v/dut_uart_1m1s.v(2)
** at ../v/uart_tx.v(26): Illegal use of 'automatic' for variable declaration (txd).
** Error: ** while parsing file included at ../sv/uart_pkg.sv(18)
** while parsing file included at ../test/uart_top.sv(24)
** while parsing file included at ..//./test/uart_test_list.sv(6)
** while parsing file included at ../v/dut_uart_1m1s.v(2)
** at ../v/uart_tx.v(27): Illegal use of 'automatic' for variable declaration (rts_n).
** Error: ** while parsing file included at ../sv/uart_pkg.sv(18)
** while parsing file included at ../test/uart_top.sv(24)
** while parsing file included at ..//./test/uart_test_list.sv(6)
** while parsing file included at ../v/dut_uart_1m1s.v(2)
** at ../v/uart_tx.v(28): Illegal use of 'automatic' for variable declaration (dtr_n).
** Error: ** while parsing file included at ../sv/uart_pkg.sv(18)
** while parsing file included at ../test/uart_top.sv(24)
** while parsing file included at ..//./test/uart_test_list.sv(6)
** while parsing file included at ../v/dut_uart_1m1s.v(2)
** at ../v/uart_tx.v(29): Illegal use of 'automatic' for variable declaration (dcd_n).
** Error: ** while parsing file included at ../sv/uart_pkg.sv(18)
** while parsing file included at ../test/uart_top.sv(24)
** while parsing file included at ..//./test/uart_test_list.sv(6)
** while parsing file included at ../v/dut_uart_1m1s.v(2)
** at ../v/uart_tx.v(30): Illegal use of 'automatic' for variable declaration (baud_clk).
** Error: ** while parsing file included at ../sv/uart_pkg.sv(18)
** while parsing file included at ../test/uart_top.sv(24)
** while parsing file included at ..//./test/uart_test_list.sv(6)
** while parsing file included at ../v/dut_uart_1m1s.v(2)
** at ../v/uart_tx.v(32): Illegal use of 'automatic' for variable declaration (rxd).
** Error: ** while parsing file included at ../sv/uart_pkg.sv(18)
** while parsing file included at ../test/uart_top.sv(24)
** while parsing file included at ..//./test/uart_test_list.sv(6)
** while parsing file included at ../v/dut_uart_1m1s.v(2)
** at ../v/uart_tx.v(33): Illegal use of 'automatic' for variable declaration (cts_n).
** Error: ** while parsing file included at ../sv/uart_pkg.sv(18)
** while parsing file included at ../test/uart_top.sv(24)
** while parsing file included at ..//./test/uart_test_list.sv(6)
** while parsing file included at ../v/dut_uart_1m1s.v(2)
** at ../v/uart_tx.v(34): Illegal use of 'automatic' for variable declaration (dsr_n).
** Error: ** while parsing file included at ../sv/uart_pkg.sv(18)
** while parsing file included at ../test/uart_top.sv(24)
** while parsing file included at ..//./test/uart_test_list.sv(6)
** while parsing file included at ../v/dut_uart_1m1s.v(2)
** at ../v/uart_tx.v(35): Illegal use of 'automatic' for variable declaration (ri_n).
** Error: ** while parsing file included at ../sv/uart_pkg.sv(18)
** while parsing file included at ../test/uart_top.sv(24)
** while parsing file included at ..//./test/uart_test_list.sv(6)
** while parsing file included at ../v/dut_uart_1m1s.v(2)
** at ../v/uart_tx.v(37): Illegal use of 'automatic' for variable declaration (intrpt).
** Error: ** while parsing file included at ../sv/uart_pkg.sv(18)
** while parsing file included at ../test/uart_top.sv(24)
** while parsing file included at ..//./test/uart_test_list.sv(6)
** while parsing file included at ../v/dut_uart_1m1s.v(3)
** at ../v/uart_rx.v(22): Illegal use of 'automatic' for variable declaration (clk).
** Error: ** while parsing file included at ../sv/uart_pkg.sv(18)
** while parsing file included at ../test/uart_top.sv(24)
** while parsing file included at ..//./test/uart_test_list.sv(6)
** while parsing file included at ../v/dut_uart_1m1s.v(3)
** at ../v/uart_rx.v(23): Illegal use of 'automatic' for variable declaration (resetn).
** Error: ** while parsing file included at ../sv/uart_pkg.sv(18)
** while parsing file included at ../test/uart_top.sv(24)
** while parsing file included at ..//./test/uart_test_list.sv(6)
** while parsing file included at ../v/dut_uart_1m1s.v(3)
** at ../v/uart_rx.v(25): Illegal use of 'automatic' for variable declaration (txd).
** Error: ** while parsing file included at ../sv/uart_pkg.sv(18)
** while parsing file included at ../test/uart_top.sv(24)
** while parsing file included at ..//./test/uart_test_list.sv(6)
** while parsing file included at ../v/dut_uart_1m1s.v(3)
** at ../v/uart_rx.v(26): Illegal use of 'automatic' for variable declaration (rts_n).
** Error: ** while parsing file included at ../sv/uart_pkg.sv(18)
** while parsing file included at ../test/uart_top.sv(24)
** while parsing file included at ..//./test/uart_test_list.sv(6)
** while parsing file included at ../v/dut_uart_1m1s.v(3)
** at ../v/uart_rx.v(27): Illegal use of 'automatic' for variable declaration (dtr_n).
** Error: ** while parsing file included at ../sv/uart_pkg.sv(18)
** while parsing file included at ../test/uart_top.sv(24)
** while parsing file included at ..//./test/uart_test_list.sv(6)
** while parsing file included at ../v/dut_uart_1m1s.v(3)
** at ../v/uart_rx.v(28): Illegal use of 'automatic' for variable declaration (dcd_n).
** Error: ** while parsing file included at ../sv/uart_pkg.sv(18)
** while parsing file included at ../test/uart_top.sv(24)
** while parsing file included at ..//./test/uart_test_list.sv(6)
** while parsing file included at ../v/dut_uart_1m1s.v(3)
** at ../v/uart_rx.v(29): Illegal use of 'automatic' for variable declaration (baud_clk).
** Error: ** while parsing file included at ../sv/uart_pkg.sv(18)
** while parsing file included at ../test/uart_top.sv(24)
** while parsing file included at ..//./test/uart_test_list.sv(6)
** while parsing file included at ../v/dut_uart_1m1s.v(3)
** at ../v/uart_rx.v(31): Illegal use of 'automatic' for variable declaration (rxd).
** Error: ** while parsing file included at ../sv/uart_pkg.sv(18)
** while parsing file included at ../test/uart_top.sv(24)
** while parsing file included at ..//./test/uart_test_list.sv(6)
** while parsing file included at ../v/dut_uart_1m1s.v(3)
** at ../v/uart_rx.v(32): Illegal use of 'automatic' for variable declaration (cts_n).
** Error: ** while parsing file included at ../sv/uart_pkg.sv(18)
** while parsing file included at ../test/uart_top.sv(24)
** while parsing file included at ..//./test/uart_test_list.sv(6)
** while parsing file included at ../v/dut_uart_1m1s.v(3)
** at ../v/uart_rx.v(33): Illegal use of 'automatic' for variable declaration (dsr_n).
** Error: ** while parsing file included at ../sv/uart_pkg.sv(18)
** while parsing file included at ../test/uart_top.sv(24)
** while parsing file included at ..//./test/uart_test_list.sv(6)
** while parsing file included at ../v/dut_uart_1m1s.v(3)
** at ../v/uart_rx.v(34): Illegal use of 'automatic' for variable declaration (ri_n).
** Error: ** while parsing file included at ../sv/uart_pkg.sv(18)
** while parsing file included at ../test/uart_top.sv(24)
** while parsing file included at ..//./test/uart_test_list.sv(6)
** while parsing file included at ../v/dut_uart_1m1s.v(3)
** at ../v/uart_rx.v(36): Illegal use of 'automatic' for variable declaration (intrpt).
** Error: ** while parsing file included at ../sv/uart_pkg.sv(18)
** while parsing file included at ../test/uart_top.sv(24)
** while parsing file included at ..//./test/uart_test_list.sv(6)
** at ../v/dut_uart_1m1s.v(6): Illegal use of 'automatic' for variable declaration (clk).
** Error: ** while parsing file included at ../sv/uart_pkg.sv(18)
** while parsing file included at ../test/uart_top.sv(24)
** while parsing file included at ..//./test/uart_test_list.sv(6)
** at ../v/dut_uart_1m1s.v(8): Illegal use of 'automatic' for variable declaration (resetn).
** Error: ** while parsing file included at ../sv/uart_pkg.sv(18)
** while parsing file included at ../test/uart_top.sv(24)
** while parsing file included at ..//./test/uart_test_list.sv(6)
** at ../v/dut_uart_1m1s.v(10): Illegal use of 'automatic' for variable declaration (w_txd).
** Error: ** while parsing file included at ../sv/uart_pkg.sv(18)
** while parsing file included at ../test/uart_top.sv(24)
** while parsing file included at ..//./test/uart_test_list.sv(6)
** at ../v/dut_uart_1m1s.v(11): Illegal use of 'automatic' for variable declaration (w_rts_n).
** Error: ** while parsing file included at ../sv/uart_pkg.sv(18)
** while parsing file included at ../test/uart_top.sv(24)
** while parsing file included at ..//./test/uart_test_list.sv(6)
** at ../v/dut_uart_1m1s.v(12): Illegal use of 'automatic' for variable declaration (w_dtr_n).
** Error: ** while parsing file included at ../sv/uart_pkg.sv(18)
** while parsing file included at ../test/uart_top.sv(24)
** while parsing file included at ..//./test/uart_test_list.sv(6)
** at ../v/dut_uart_1m1s.v(13): Illegal use of 'automatic' for variable declaration (w_dcd_n).
** Error: ** while parsing file included at ../sv/uart_pkg.sv(18)
** while parsing file included at ../test/uart_top.sv(24)
** while parsing file included at ..//./test/uart_test_list.sv(6)
** at ../v/dut_uart_1m1s.v(14): Illegal use of 'automatic' for variable declaration (w_baud_clk).
** Error: ** while parsing file included at ../sv/uart_pkg.sv(18)
** while parsing file included at ../test/uart_top.sv(24)
** while parsing file included at ..//./test/uart_test_list.sv(6)
** at ../v/dut_uart_1m1s.v(16): Illegal use of 'automatic' for variable declaration (w_rxd).
** Error: ** while parsing file included at ../sv/uart_pkg.sv(18)
** while parsing file included at ../test/uart_top.sv(24)
** while parsing file included at ..//./test/uart_test_list.sv(6)
** at ../v/dut_uart_1m1s.v(17): Illegal use of 'automatic' for variable declaration (w_cts_n).
** Error: ** while parsing file included at ../sv/uart_pkg.sv(18)
** while parsing file included at ../test/uart_top.sv(24)
** while parsing file included at ..//./test/uart_test_list.sv(6)
** at ../v/dut_uart_1m1s.v(18): Illegal use of 'automatic' for variable declaration (w_dsr_n).
** Error: ** while parsing file included at ../sv/uart_pkg.sv(18)
** while parsing file included at ../test/uart_top.sv(24)
** while parsing file included at ..//./test/uart_test_list.sv(6)
** at ../v/dut_uart_1m1s.v(19): Illegal use of 'automatic' for variable declaration (w_ri_n).
** Error: ** while parsing file included at ../sv/uart_pkg.sv(18)
** while parsing file included at ../test/uart_top.sv(24)
** while parsing file included at ..//./test/uart_test_list.sv(6)
** at ../v/dut_uart_1m1s.v(21): Illegal use of 'automatic' for variable declaration (w_intrpt).
** Error: ** while parsing file included at ../sv/uart_pkg.sv(18)
** while parsing file included at ../test/uart_top.sv(24)
** while parsing file included at ..//./test/uart_test_list.sv(6)
** at ../v/dut_uart_1m1s.v(23): Illegal use of 'automatic' for variable declaration (i).
** Error: (vlog-13069) ** while parsing file included at ../sv/uart_pkg.sv(18)
** while parsing file included at ../test/uart_top.sv(24)
** while parsing file included at ..//./test/uart_test_list.sv(7)
** while parsing macro expansion: 'TX_INCR_PAYLOAD_SEQ' starting at ../test/uart_seq_test.sv(23)
** at ../test/uart_seq_test.sv(23): near "#": syntax error, unexpected '#', expecting ')'.
** Error: (vlog-13069) ** while parsing file included at ../sv/uart_pkg.sv(18)
** while parsing file included at ../test/uart_top.sv(24)
** while parsing file included at ..//./test/uart_test_list.sv(7)
** while parsing macro expansion: 'RX_SHORT_TRANSMIT_SEQ' starting at ../test/uart_seq_test.sv(28)
** at ../test/uart_seq_test.sv(28): near "#": syntax error, unexpected '#', expecting ')'.
** Warning: (vlog-13184) ..//./test/uart_test_list.sv(13): The Verilog preprocessor found an `endif directive matched to an `if directive in a different file: ../test/uart_base_test.sv(2)
** Error: (vlog-13069) ** while parsing file included at ../sv/uart_pkg.sv(18)
** at ../test/uart_top.sv(29): near "initial": syntax error, unexpected initial, expecting class.
End time: 15:15:34 on Nov 10,2015, Elapsed time: 0:00:03
Errors: 134, Warnings: 4
