csi-ncelab - CSI: Command line:
ncelab
    -f /stec/tw/users/schen/prj/smartdv/lib/smtdv_common/test/sysc/INCA_libs/irun.lnx8664.13.10.nc/ncelab.args
        +nccoverage+functional
        +notchkmsg
        +notimingchecks
        +no_notifier
        +define+SVA
        +incdir+./
        -ACCESS rwc
        -STATUS
        -COVERAGE b:u
        -COVERAGE functional
        -NO_TCHK_MSG
        -NOTIMINGCHECKS
        -NONOTIFIER
        -MESSAGES
        test
        -SCRUN
        -loadrun ./INCA_libs/irun.lnx8664.13.10.nc/librun
        -XLMODE ./INCA_libs/irun.lnx8664.13.10.nc
        -RUNMODE
        -CDSLIB ./INCA_libs/irun.lnx8664.13.10.nc/cds.lib
        -HDLVAR ./INCA_libs/irun.lnx8664.13.10.nc/hdl.var
        -WORK worklib
        -HASCC
        -HASSYSC
        -IRUNHASTOP
        -HASXLMODE
    -CHECK_VERSION TOOL:	irun(64)	13.10-s011
    -LOG_FD 4

csi-ncelab - CSI: *F,INTERR: INTERNAL EXCEPTION
-----------------------------------------------------------------
The tool has encountered an unexpected condition and must exit.
Contact Cadence Design Systems customer support about this
problem and provide enough information to help us reproduce it,
including the logfile that contains this error message.
  TOOL:	ncelab(64)	13.10-s011
  HOSTNAME: twlogin04
  OPERATING SYSTEM: Linux 2.6.18-406.el5 #1 SMP Tue Jun 2 17:25:57 EDT 2015 x86_64
  MESSAGE: Unknown type for reg 
-----------------------------------------------------------------

csi-ncelab - CSI: Cadence Support Investigation, recording details
csi-ncelab - CSI: investigation complete took 0.000 secs, send this file to Cadence Support
