csi-ncsim - CSI: Command line:
ncsim
    -f /stec/tw/users/schen/prj/smartdv/lib/smtdv_common/test/sysc/INCA_libs/irun.lnx8664.13.10.nc/twlogin04_10659/ncsim.args
        +nccoverage+functional
        +notchkmsg
        +notimingchecks
        +no_notifier
        +define+SVA
        +incdir+./
        -STATUS
        -COVOVERWRITE
        -INPUT simvision.tcl
        -BATCH
        -MESSAGES
        +EMGRLOG irun.log
        -XLSTIME 1439452147
        -XLKEEP
        -XLMODE ./INCA_libs/irun.lnx8664.13.10.nc
        -RUNMODE
        -CDSLIB ./INCA_libs/irun.lnx8664.13.10.nc/cds.lib
        -HDLVAR ./INCA_libs/irun.lnx8664.13.10.nc/hdl.var
        -XLNAME irun
        -XLVERSION TOOL:	irun(64)	13.10-s011
        -XLNAME ./INCA_libs/irun.lnx8664.13.10.nc/twlogin04_10659
    -CHECK_VERSION TOOL:	irun(64)	13.10-s011
    -LOG_FD 4
    -LOG_FD_NAME irun.log
    -cmdnopsim
    -runlock /stec/tw/users/schen/prj/smartdv/lib/smtdv_common/test/sysc/INCA_libs/irun.lnx8664.13.10.nc/.nclib.lock
    -runscratch /stec/tw/users/schen/prj/smartdv/lib/smtdv_common/test/sysc/INCA_libs/irun.lnx8664.13.10.nc/twlogin04_10659

csi-ncsim - CSI: *F,INTERR: INTERNAL EXCEPTION
Observed simulation time : 0 FS + 0
-----------------------------------------------------------------
The tool has encountered an unexpected condition and must exit.
Contact Cadence Design Systems customer support about this
problem and provide enough information to help us reproduce it,
including the logfile that contains this error message.
  TOOL:	ncsim(64)	13.10-s011
  HOSTNAME: twlogin04
  OPERATING SYSTEM: Linux 2.6.18-406.el5 #1 SMP Tue Jun 2 17:25:57 EDT 2015 x86_64
  MESSAGE: sv_seghandler - trapno -1 addr(0x00000000)
-----------------------------------------------------------------

csi-ncsim - CSI: Cadence Support Investigation, recording details
csi-ncsim - CSI: investigation complete took 0.000 secs, send this file to Cadence Support
