csi-ncvlog - CSI: Command line:
ncvlog
    -f /stec/tw/users/schen/prj/smartdv/lib/smtdv_ahb_uvc/sim/INCA_libs/irun.lnx8664.13.10.nc/ncvlog.args
        -XLMODE ./INCA_libs/irun.lnx8664.13.10.nc
        -RUNMODE
        -define UVM_PLI
        -STATUS
        -DEFINE SVA
        -INCDIR ../../smtdv_common
        -INCDIR ../
        -INCDIR ../test
        -INCDIR ../seq
        -INCDIR ../v
        -INCDIR ./
        -INCDIR ../../../dpi/sqlite3
        -INCDIR ../../../dpi/stl
        ../../smtdv_common/smtdv_common_pkg.sv
        ../../../dpi/sqlite3/smtdv_sqlite3_pkg.sv
        ../../../dpi/stl/smtdv_stl_pkg.sv
        ../ahb_pkg.sv
        ../test/ahb_top.sv
        -sv
        ../v/dut_ahb_1m1s.v
        -CDSLIB ./INCA_libs/irun.lnx8664.13.10.nc/cdsrun.lib
        -HDLVAR ./INCA_libs/irun.lnx8664.13.10.nc/hdlrun.var
        -INCDIR /stec/apps/cadence/INCISIV13.10.011/tools/uvm/uvm_lib/uvm_sv/sv
        -DEFINE USE_PARAMETERIZED_WRAPPER
        -MESSAGES
        -UPDATE
        -XLLIBSTORE ./INCA_libs/irun.lnx8664.13.10.nc/xllibs
        -ALLOWUNBOUND
        -hastop
        -ENABLEOIGW
    -CHECK_VERSION TOOL:	irun(64)	13.10-s011
    -LOG_FD 4

csi-ncvlog - CSI: *F,INTERR: INTERNAL EXCEPTION
-----------------------------------------------------------------
The tool has encountered an unexpected condition and must exit.
Contact Cadence Design Systems customer support about this
problem and provide enough information to help us reproduce it,
including the logfile that contains this error message.
  TOOL:	ncvlog(64)	13.10-s011
  HOSTNAME: twlogin04
  OPERATING SYSTEM: Linux 2.6.18-406.el5 #1 SMP Tue Jun 2 17:25:57 EDT 2015 x86_64
  MESSAGE: scope_sv_randomize_with resync (306)
-----------------------------------------------------------------

csi-ncvlog - CSI: Cadence Support Investigation, recording details
csi-ncvlog - CSI: investigation complete took 0.000 secs, send this file to Cadence Support
